=====Multiple Inheritance Candidates for Projet javawebmail-0.7=====
	23 instances
GOOD: Type: net.wastl.webmail.logger.ServletLogger
		extends: 
		implements: net.wastl.webmail.server.Logger, net.wastl.webmail.config.ConfigurationListener, 
GOOD: (although, it is awkward to subclass Thread) Type: net.wastl.webmail.logger.FileLogger
		extends: java.lang.Thread, 
		implements: net.wastl.webmail.config.ConfigurationListener, net.wastl.webmail.server.Logger, 
GOOD: Type: net.wastl.webmail.plugins.ErrorHandler
		extends: 
		implements: net.wastl.webmail.server.Plugin, net.wastl.webmail.server.URLHandler, 
GOOD: Type: net.wastl.webmail.plugins.About
		extends: 
		implements: net.wastl.webmail.server.Plugin, net.wastl.webmail.server.URLHandler, 
GOOD: Type: net.wastl.webmail.plugins.WebMailTitle
		extends: 
		implements: net.wastl.webmail.server.Plugin, net.wastl.webmail.server.URLHandler, 
GOOD: Type: net.wastl.webmail.plugins.FileAttacher
		extends: 
		implements: net.wastl.webmail.server.URLHandler, net.wastl.webmail.server.Plugin, 
GOOD: Type: net.wastl.webmail.plugins.MailboxList
		extends: 
		implements: net.wastl.webmail.server.Plugin, net.wastl.webmail.server.URLHandler, 
GOOD: Type: net.wastl.webmail.plugins.ShowMIME
		extends: 
		implements: net.wastl.webmail.server.Plugin, net.wastl.webmail.server.URLHandler, 
GOOD: Type: net.wastl.webmail.plugins.FolderSetup
		extends: 
		implements: net.wastl.webmail.server.Plugin, net.wastl.webmail.server.URLHandler, 
GOOD: Type: net.wastl.webmail.plugins.SendMessage
		extends: 
		implements: net.wastl.webmail.server.Plugin, net.wastl.webmail.server.URLHandler, net.wastl.webmail.config.ConfigurationListener, 
GOOD: Type: net.wastl.webmail.plugins.ImageHandler
		extends: 
		implements: net.wastl.webmail.server.Plugin, net.wastl.webmail.server.URLHandler, 
GOOD: Type: net.wastl.webmail.plugins.AdminPlugin
		extends: 
		implements: net.wastl.webmail.server.Plugin, net.wastl.webmail.server.URLHandler, 
GOOD: Type: net.wastl.webmail.plugins.LogoutSession
		extends: 
		implements: net.wastl.webmail.server.Plugin, net.wastl.webmail.server.URLHandler, 
GOOD: Type: net.wastl.webmail.plugins.NavBar
		extends: 
		implements: net.wastl.webmail.server.Plugin, net.wastl.webmail.server.URLHandler, 
GOOD: Type: net.wastl.webmail.plugins.PassThroughPlugin
		extends: 
		implements: net.wastl.webmail.server.Plugin, net.wastl.webmail.server.URLHandler, 
GOOD: Type: net.wastl.webmail.plugins.UserSetup
		extends: 
		implements: net.wastl.webmail.server.Plugin, net.wastl.webmail.server.URLHandler, 
GOOD: Type: net.wastl.webmail.plugins.FolderList
		extends: 
		implements: net.wastl.webmail.server.Plugin, net.wastl.webmail.server.URLHandler, 
GOOD: Type: net.wastl.webmail.plugins.ShowMessage
		extends: 
		implements: net.wastl.webmail.server.Plugin, net.wastl.webmail.server.URLHandler, 
GOOD: Type: net.wastl.webmail.plugins.WebMailHelp
		extends: 
		implements: net.wastl.webmail.server.Plugin, net.wastl.webmail.server.URLHandler, 
GOOD: Type: net.wastl.webmail.plugins.Composer
		extends: 
		implements: net.wastl.webmail.server.Plugin, net.wastl.webmail.server.URLHandler, 
GOOD: Type: net.wastl.webmail.server.WebMailServlet
		extends: net.wastl.webmail.server.WebMailServer, 
		implements: javax.servlet.Servlet, 
GOOD: Type: net.wastl.webmail.storage.FileStorage
		extends: net.wastl.webmail.server.Storage, 
		implements: net.wastl.webmail.config.ConfigurationListener, 
GOOD: Type: org.webengruven.webmail.plugins.ChallengeHandler
		extends: 
		implements: net.wastl.webmail.server.Plugin, net.wastl.webmail.server.URLHandler, 
