=====Multiple Inheritance Candidates for Projet Lucene1.4=====
	10 instances
NOT GOOD (constant interface) Type: org.apache.lucene.analysis.standard.StandardFilter
		extends: org.apache.lucene.analysis.TokenFilter, 
		implements: org.apache.lucene.analysis.standard.StandardTokenizerConstants, 
NOT GOOD (constant interface) Type: org.apache.lucene.analysis.standard.StandardTokenizer
		extends: org.apache.lucene.analysis.Tokenizer, 
		implements: org.apache.lucene.analysis.standard.StandardTokenizerConstants, 
GOOD: Type: org.apache.lucene.index.SegmentTermPositions
		extends: org.apache.lucene.index.SegmentTermDocs, 
		implements: org.apache.lucene.index.TermPositions, 
GOOD: Type: org.apache.lucene.index.MultiTermPositions
		extends: org.apache.lucene.index.MultiTermDocs, 
		implements: org.apache.lucene.index.TermPositions, 
NOT GOOD (utility and marker) Type: org.apache.lucene.index.Term
		extends: 
		implements: java.lang.Comparable, java.io.Serializable, 
GOOD: Type: org.apache.lucene.index.FilterIndexReader$FilterTermPositions
		extends: org.apache.lucene.index.FilterIndexReader.FilterTermDocs, 
		implements: org.apache.lucene.index.TermPositions, 
NOT GOOD (marker) Type: org.apache.lucene.index.SegmentTermEnum
		extends: org.apache.lucene.index.TermEnum, 
		implements: java.lang.Cloneable, 
GOOD: Type: org.apache.lucene.search.RemoteSearchable
		extends: java.rmi.server.UnicastRemoteObject, 
		implements: org.apache.lucene.search.Searchable, 
NOT GOOD (marker) Type: org.apache.lucene.search.Query
		extends: 
		implements: java.io.Serializable, java.lang.Cloneable, 
NOT GOOD (marker) Type: org.apache.lucene.store.RAMInputStream
		extends: org.apache.lucene.store.InputStream, 
		implements: java.lang.Cloneable, 
